{
  "RSpec": {
    "coverage": {
      "/Users/admin/tech-tests/clothingshop/app/helpers/application_helper.rb": [
        1,
        null
      ],
      "/Users/admin/tech-tests/clothingshop/app/helpers/basket_items_helper.rb": [
        1,
        null
      ],
      "/Users/admin/tech-tests/clothingshop/app/helpers/shop_items_helper.rb": [
        1,
        null
      ],
      "/Users/admin/tech-tests/clothingshop/app/controllers/basket_items_controller.rb": [
        1,
        1,
        2,
        null,
        null,
        2,
        null,
        null,
        1,
        1,
        1,
        1,
        null,
        null
      ],
      "/Users/admin/tech-tests/clothingshop/app/controllers/application_controller.rb": [
        1,
        null
      ],
      "/Users/admin/tech-tests/clothingshop/app/controllers/shop_items_controller.rb": [
        1,
        1,
        8,
        5,
        null,
        null,
        null,
        5,
        null,
        null,
        null,
        5,
        null,
        null,
        null,
        5,
        null,
        null,
        null,
        5,
        null,
        null,
        null,
        5,
        null,
        null,
        null,
        5,
        null,
        null,
        null,
        5,
        null,
        null,
        null,
        5,
        null,
        null,
        null,
        5,
        null,
        null,
        null,
        5,
        null,
        null,
        null,
        5,
        null,
        null,
        null,
        5,
        null,
        null,
        null,
        null,
        8,
        8,
        null,
        null
      ],
      "/Users/admin/tech-tests/clothingshop/app/models/basket_item.rb": [
        1,
        null
      ],
      "/Users/admin/tech-tests/clothingshop/app/models/application_record.rb": [
        1,
        1,
        null
      ],
      "/Users/admin/tech-tests/clothingshop/app/models/shop_item.rb": [
        1,
        null
      ]
    },
    "timestamp": 1555088529
  }
}
