{
  "RSpec": {
    "coverage": {
      "/Users/admin/tech-tests/clothingshop/app/helpers/application_helper.rb": [
        1,
        null
      ],
      "/Users/admin/tech-tests/clothingshop/app/helpers/basket_items_helper.rb": [
        1,
        null
      ],
      "/Users/admin/tech-tests/clothingshop/app/helpers/shop_items_helper.rb": [
        1,
        null
      ],
      "/Users/admin/tech-tests/clothingshop/app/helpers/vouchers_helper.rb": [
        1,
        null
      ],
      "/Users/admin/tech-tests/clothingshop/app/controllers/basket_items_controller.rb": [
        1,
        1,
        8,
        null,
        null,
        8,
        null,
        null,
        1,
        1,
        1,
        1,
        null,
        null
      ],
      "/Users/admin/tech-tests/clothingshop/app/controllers/application_controller.rb": [
        1,
        null
      ],
      "/Users/admin/tech-tests/clothingshop/app/controllers/shop_items_controller.rb": [
        1,
        1,
        26,
        12,
        null,
        null,
        null,
        12,
        null,
        null,
        null,
        12,
        null,
        null,
        null,
        12,
        null,
        null,
        null,
        12,
        null,
        null,
        null,
        12,
        null,
        null,
        null,
        12,
        null,
        null,
        null,
        12,
        null,
        null,
        null,
        12,
        null,
        null,
        null,
        12,
        null,
        null,
        null,
        12,
        null,
        null,
        null,
        12,
        null,
        null,
        null,
        12,
        null,
        null,
        null,
        null,
        26,
        12,
        null,
        null,
        12,
        null,
        null,
        12,
        null,
        null,
        null,
        26,
        26,
        26,
        null,
        null
      ],
      "/Users/admin/tech-tests/clothingshop/app/controllers/vouchers_controller.rb": [
        1,
        1,
        5,
        5,
        1,
        null,
        4,
        4,
        null,
        null,
        null
      ],
      "/Users/admin/tech-tests/clothingshop/app/models/basket_item.rb": [
        1,
        null
      ],
      "/Users/admin/tech-tests/clothingshop/app/models/application_record.rb": [
        1,
        1,
        null
      ],
      "/Users/admin/tech-tests/clothingshop/app/models/shop_item.rb": [
        1,
        null
      ],
      "/Users/admin/tech-tests/clothingshop/app/models/voucher.rb": [
        1,
        null
      ]
    },
    "timestamp": 1555109098
  }
}
